[4/11/2012 7:53:45 AM] dreadiscool connected to the server from 127.0.0.1:4630
[4/11/2012 7:53:46 AM] dreadiscool disconnected from the server.
[4/11/2012 7:53:55 AM] Stopping server...
[4/11/2012 7:53:55 AM] Disabling all plugins...
[4/11/2012 7:53:55 AM] MemChecker is disabling...
[4/11/2012 7:53:55 AM] All plugins disabled!
[4/11/2012 7:53:55 AM] Saving level data...
[4/11/2012 7:53:56 AM] Saved level 'Smaller'
[4/11/2012 7:53:56 AM] Saved all level data!
[4/11/2012 7:53:56 AM] Server stopped
[4/11/2012 7:54:13 AM] Server started!
[4/11/2012 7:54:13 AM] Loading level data...
[4/11/2012 7:54:14 AM] Loaded level 'Smaller'
[4/11/2012 7:54:14 AM] Loaded all level data!
[4/11/2012 7:54:15 AM] Loading plugins...
[4/11/2012 7:54:15 AM] MemChecker enabling..
[4/11/2012 7:54:15 AM] Loaded all plugins!
[4/11/2012 7:54:15 AM] Current date is 4/11/2012 7:54:15 AM
[4/11/2012 7:54:15 AM] Saved HeartBeat URL to external-url.txt!
[4/11/2012 7:54:34 AM] dreadiscool connected to the server from 127.0.0.1:4770
[4/11/2012 7:55:03 AM] 'fds' is not a valid command. Type 'help' or '?'
[4/11/2012 7:55:59 AM] Server started!
[4/11/2012 7:56:00 AM] Loading level data...
[4/11/2012 7:56:01 AM] Loaded level 'Smaller'
[4/11/2012 7:56:01 AM] Loaded all level data!
[4/11/2012 7:56:01 AM] Loading plugins...
[4/11/2012 7:56:01 AM] MemChecker enabling..
[4/11/2012 7:56:01 AM] Loaded all plugins!
[4/11/2012 7:56:01 AM] Current date is 4/11/2012 7:56:01 AM
[4/11/2012 7:56:01 AM] Saved HeartBeat URL to external-url.txt!
[4/11/2012 7:56:22 AM] dreadiscool connected to the server from 127.0.0.1:5067
[4/11/2012 8:15:27 AM] Server started!
[4/11/2012 8:15:27 AM] Loading level data...
[4/11/2012 8:15:28 AM] Loaded level 'Smaller'
[4/11/2012 8:15:28 AM] Loaded all level data!
[4/11/2012 8:15:28 AM] Loading plugins...
[4/11/2012 8:15:28 AM] MemChecker enabling..
[4/11/2012 8:15:28 AM] Loaded all plugins!
[4/11/2012 8:15:28 AM] Current date is 4/11/2012 8:15:28 AM
[4/11/2012 8:15:29 AM] Saved HeartBeat URL to external-url.txt!
[4/11/2012 8:15:43 AM] Server started!
[4/11/2012 8:15:44 AM] Loading level data...
[4/11/2012 8:15:45 AM] Loaded level 'Smaller'
[4/11/2012 8:15:45 AM] Loaded all level data!
[4/11/2012 8:15:45 AM] Loading plugins...
[4/11/2012 8:15:45 AM] MemChecker enabling..
[4/11/2012 8:15:45 AM] Loaded all plugins!
[4/11/2012 8:15:45 AM] Current date is 4/11/2012 8:15:45 AM
[4/11/2012 8:15:45 AM] Saved HeartBeat URL to external-url.txt!
[4/11/2012 8:16:21 AM] dreadiscool connected to the server from 127.0.0.1:8431
[4/11/2012 8:16:21 AM] dreadiscool disconnected from the server.
[4/11/2012 8:27:10 AM] Server started!
[4/11/2012 8:27:10 AM] Loading level data...
[4/11/2012 8:27:11 AM] Loaded level 'Smaller'
[4/11/2012 8:27:11 AM] Loaded all level data!
[4/11/2012 8:27:11 AM] Loading plugins...
[4/11/2012 8:27:11 AM] MemChecker enabling..
[4/11/2012 8:27:11 AM] Loaded all plugins!
[4/11/2012 8:27:11 AM] Current date is 4/11/2012 8:27:11 AM
[4/11/2012 8:27:12 AM] Saved HeartBeat URL to external-url.txt!
[4/11/2012 8:27:35 AM] dreadiscool connected to the server from 127.0.0.1:10183
[4/11/2012 8:27:36 AM] dreadiscool disconnected from the server.
[4/11/2012 8:28:02 AM] Server started!
[4/11/2012 8:28:03 AM] Loading level data...
[4/11/2012 8:28:04 AM] Loaded level 'Smaller'
[4/11/2012 8:28:04 AM] Loaded all level data!
[4/11/2012 8:28:04 AM] Loading plugins...
[4/11/2012 8:28:04 AM] MemChecker enabling..
[4/11/2012 8:28:04 AM] Loaded all plugins!
[4/11/2012 8:28:04 AM] Current date is 4/11/2012 8:28:04 AM
[4/11/2012 8:28:04 AM] Saved HeartBeat URL to external-url.txt!
[4/11/2012 8:28:27 AM] dreadiscool connected to the server from 127.0.0.1:10327
[4/11/2012 9:14:27 AM] Server started!
[4/11/2012 9:14:28 AM] Loading level data...
[4/11/2012 9:14:29 AM] Loaded level 'Smaller'
[4/11/2012 9:14:29 AM] Loaded all level data!
[4/11/2012 9:14:29 AM] Loading plugins...
[4/11/2012 9:14:29 AM] MemChecker enabling..
[4/11/2012 9:14:29 AM] Loaded all plugins!
[4/11/2012 9:14:29 AM] Current date is 4/11/2012 9:14:29 AM
[4/11/2012 9:14:29 AM] Saved HeartBeat URL to external-url.txt!
[4/11/2012 9:20:32 AM] Server started!
[4/11/2012 9:20:32 AM] Loading level data...
[4/11/2012 9:20:33 AM] Loaded level 'Smaller'
[4/11/2012 9:20:33 AM] Loaded all level data!
[4/11/2012 9:20:33 AM] Loading plugins...
[4/11/2012 9:20:34 AM] MemChecker enabling..
[4/11/2012 9:20:34 AM] Loaded all plugins!
[4/11/2012 9:20:34 AM] Current date is 4/11/2012 9:20:34 AM
[4/11/2012 9:20:34 AM] Saved HeartBeat URL to external-url.txt!
[4/11/2012 9:22:33 AM] dreadiscool was kicked from the server!
[4/11/2012 9:22:33 AM] Could not verify dreadiscool's username!
[4/11/2012 9:23:16 AM] dreadiscool was kicked from the server!
[4/11/2012 9:23:16 AM] Could not verify dreadiscool's username!
[4/11/2012 9:26:35 AM] Server started!
[4/11/2012 9:26:36 AM] Loading level data...
[4/11/2012 9:26:36 AM] Loaded level 'Smaller'
[4/11/2012 9:26:36 AM] Loaded all level data!
[4/11/2012 9:26:36 AM] Loading plugins...
[4/11/2012 9:26:37 AM] MemChecker enabling..
[4/11/2012 9:26:37 AM] Loaded all plugins!
[4/11/2012 9:26:37 AM] Current date is 4/11/2012 9:26:37 AM
[4/11/2012 9:26:37 AM] Saved HeartBeat URL to external-url.txt!
[4/11/2012 9:26:49 AM] dreadiscool connected to the server from 127.0.0.1:20466
[4/11/2012 9:26:52 AM] <dreadiscool> test
[4/11/2012 9:27:15 AM] dreadiscool disconnected from the server.
[4/11/2012 9:27:18 AM] There are no players online!
[4/11/2012 9:36:14 AM] dreadiscool connected to the server from 127.0.0.1:22198
[4/11/2012 9:36:24 AM] dreadiscool disconnected from the server.
[4/11/2012 9:38:08 AM] dreadiscool connected to the server from 127.0.0.1:22465
[4/11/2012 9:38:24 AM] <dreadiscool> pewp
[4/11/2012 9:48:29 AM] Server started!
[4/11/2012 9:48:30 AM] Loading level data...
[4/11/2012 9:48:31 AM] Loaded level 'Smaller'
[4/11/2012 9:48:31 AM] Loaded all level data!
[4/11/2012 9:48:31 AM] Loading plugins...
[4/11/2012 9:48:31 AM] MemChecker enabling..
[4/11/2012 9:48:31 AM] Loaded all plugins!
[4/11/2012 9:48:31 AM] Current date is 4/11/2012 9:48:31 AM
[4/11/2012 9:48:31 AM] Saved HeartBeat URL to external-url.txt!
[4/11/2012 9:52:27 AM] dreadiscool connected to the server from 127.0.0.1:25168
[4/11/2012 9:52:31 AM] <dreadiscool> wewt
[4/11/2012 9:54:42 AM] dreadiscool was kicked from the server!
[4/11/2012 9:54:42 AM] dreadiscool was kicked from the server!
[4/11/2012 9:54:42 AM] dreadiscool disconnected from the server.
[4/11/2012 9:55:25 AM] Stopping server...
[4/11/2012 9:55:25 AM] Disabling all plugins...
[4/11/2012 9:55:25 AM] MemChecker is disabling...
[4/11/2012 9:55:25 AM] All plugins disabled!
[4/11/2012 9:55:25 AM] Saving level data...
[4/11/2012 9:55:26 AM] Saved level 'Smaller'
[4/11/2012 9:55:26 AM] Saved all level data!
[4/11/2012 9:55:26 AM] Server stopped
[4/11/2012 10:19:03 AM] Server started!
[4/11/2012 10:19:04 AM] Loading level data...
[4/11/2012 10:19:05 AM] Loaded level 'Smaller'
[4/11/2012 10:19:05 AM] Loaded all level data!
[4/11/2012 10:19:05 AM] Loading plugins...
[4/11/2012 10:19:05 AM] MemChecker enabling..
[4/11/2012 10:19:05 AM] Loaded all plugins!
[4/11/2012 10:19:05 AM] Current date is 4/11/2012 10:19:05 AM
[4/11/2012 10:19:05 AM] Saved HeartBeat URL to external-url.txt!
[4/11/2012 10:21:11 AM] Server started!
[4/11/2012 10:21:11 AM] Loading level data...
[4/11/2012 10:21:12 AM] Loaded level 'Smaller'
[4/11/2012 10:21:12 AM] Loaded all level data!
[4/11/2012 10:21:12 AM] Loading plugins...
[4/11/2012 10:21:12 AM] MemChecker enabling..
[4/11/2012 10:21:12 AM] Loaded all plugins!
[4/11/2012 10:21:12 AM] Current date is 4/11/2012 10:21:12 AM
[4/11/2012 10:21:13 AM] Saved HeartBeat URL to external-url.txt!
[4/11/2012 11:00:40 AM] Server started!
[4/11/2012 11:00:41 AM] Loading level data...
[4/11/2012 11:00:42 AM] Loaded level 'Smaller'
[4/11/2012 11:00:42 AM] Loaded all level data!
[4/11/2012 11:00:42 AM] Loading plugins...
[4/11/2012 11:00:42 AM] MemChecker enabling..
[4/11/2012 11:00:42 AM] Loaded all plugins!
[4/11/2012 11:00:42 AM] Current date is 4/11/2012 11:00:42 AM
[4/11/2012 11:00:42 AM] Saved HeartBeat URL to external-url.txt!
[4/11/2012 11:49:47 AM] Server started!
[4/11/2012 11:49:48 AM] Loading level data...
[4/11/2012 11:49:49 AM] Loaded level 'Smaller'
[4/11/2012 11:49:49 AM] Loaded all level data!
[4/11/2012 11:49:49 AM] Loading plugins...
[4/11/2012 11:49:49 AM] MemChecker enabling..
[4/11/2012 11:49:49 AM] Loaded all plugins!
[4/11/2012 11:49:49 AM] Current date is 4/11/2012 11:49:49 AM
[4/11/2012 11:49:49 AM] Saved HeartBeat URL to external-url.txt!
[4/11/2012 11:54:30 AM] Server started!
[4/11/2012 11:54:30 AM] Loading level data...
[4/11/2012 11:54:31 AM] Loaded level 'Smaller'
[4/11/2012 11:54:31 AM] Loaded all level data!
[4/11/2012 11:54:31 AM] Loading plugins...
[4/11/2012 11:54:31 AM] MemChecker enabling..
[4/11/2012 11:54:31 AM] Loaded all plugins!
[4/11/2012 11:54:31 AM] Current date is 4/11/2012 11:54:31 AM
[4/11/2012 11:54:32 AM] Saved HeartBeat URL to external-url.txt!
[4/11/2012 12:19:34 PM] Server started!
[4/11/2012 12:19:35 PM] Loading level data...
[4/11/2012 12:19:36 PM] Loaded level 'Smaller'
[4/11/2012 12:19:36 PM] Loaded all level data!
[4/11/2012 12:19:36 PM] Loading plugins...
[4/11/2012 12:19:36 PM] MemChecker enabling..
[4/11/2012 12:19:36 PM] Loaded all plugins!
[4/11/2012 12:19:36 PM] Current date is 4/11/2012 12:19:36 PM
[4/11/2012 12:19:36 PM] Saved HeartBeat URL to external-url.txt!
[4/11/2012 12:29:56 PM] Server started!
[4/11/2012 12:29:57 PM] Loading level data...
[4/11/2012 12:29:57 PM] Loaded level 'Smaller'
[4/11/2012 12:29:57 PM] Loaded all level data!
[4/11/2012 12:29:57 PM] Loading plugins...
[4/11/2012 12:29:57 PM] MemChecker enabling..
[4/11/2012 12:29:57 PM] Loaded all plugins!
[4/11/2012 12:29:57 PM] Current date is 4/11/2012 12:29:57 PM
[4/11/2012 12:29:58 PM] Saved HeartBeat URL to external-url.txt!
[4/11/2012 3:20:13 PM] Server started!
[4/11/2012 3:20:13 PM] Loading level data...
[4/11/2012 3:20:15 PM] Loaded level 'Smaller'
[4/11/2012 3:20:15 PM] Loaded all level data!
[4/11/2012 3:20:15 PM] Loading plugins...
[4/11/2012 3:20:15 PM] MemChecker enabling..
[4/11/2012 3:20:15 PM] Loaded all plugins!
[4/11/2012 3:20:15 PM] Current date is 4/11/2012 3:20:15 PM
[4/11/2012 3:20:15 PM] Saved HeartBeat URL to external-url.txt!
[4/11/2012 3:22:44 PM] Server started!
[4/11/2012 3:22:45 PM] Loading level data...
[4/11/2012 3:22:45 PM] Loaded all level data!
[4/11/2012 3:24:33 PM] Server started!
[4/11/2012 3:24:34 PM] Loading level data...
[4/11/2012 3:24:34 PM] Loaded all level data!
[4/11/2012 3:24:42 PM] Finished generating Level!
[4/11/2012 3:24:42 PM] Loading plugins...
[4/11/2012 3:24:42 PM] MemChecker enabling..
[4/11/2012 3:24:42 PM] Loaded all plugins!
[4/11/2012 3:24:42 PM] Current date is 4/11/2012 3:24:42 PM
[4/11/2012 3:24:42 PM] Saved HeartBeat URL to external-url.txt!
[4/11/2012 3:25:08 PM] dreadiscool connected to the server from 127.0.0.1:5991
[4/11/2012 3:25:20 PM] dreadiscool disconnected from the server.
[4/11/2012 3:28:51 PM] Server started!
[4/11/2012 3:28:52 PM] Loading level data...
[4/11/2012 3:28:52 PM] Loaded all level data!
[4/11/2012 3:28:53 PM] Finished generating Level!
[4/11/2012 3:28:53 PM] Loading plugins...
[4/11/2012 3:28:53 PM] MemChecker enabling..
[4/11/2012 3:28:53 PM] Loaded all plugins!
[4/11/2012 3:28:53 PM] Current date is 4/11/2012 3:28:53 PM
[4/11/2012 3:28:53 PM] Saved HeartBeat URL to external-url.txt!
[4/11/2012 3:29:17 PM] dreadiscool connected to the server from 127.0.0.1:6712
[4/11/2012 3:29:17 PM] dreadiscool disconnected from the server.
[4/11/2012 3:35:08 PM] Server started!
[4/11/2012 3:35:08 PM] Loading level data...
[4/11/2012 3:35:09 PM] Loaded level 'Smaller'
[4/11/2012 3:35:09 PM] Loaded all level data!
[4/11/2012 3:35:09 PM] Loading plugins...
[4/11/2012 3:35:10 PM] MemChecker enabling..
[4/11/2012 3:35:10 PM] Loaded all plugins!
[4/11/2012 3:35:10 PM] Current date is 4/11/2012 3:35:10 PM
[4/11/2012 3:35:10 PM] Saved HeartBeat URL to external-url.txt!
[4/11/2012 3:35:49 PM] dreadiscool connected to the server from 127.0.0.1:8210
[4/11/2012 3:35:54 PM] <dreadiscool> wthhh
[4/11/2012 3:36:12 PM] dreadiscool was kicked from the server!
[4/11/2012 3:36:12 PM] dreadiscool was kicked from the server!
[4/11/2012 3:36:12 PM] dreadiscool disconnected from the server.
[4/11/2012 3:59:55 PM] Server started!
[4/11/2012 3:59:56 PM] Loading level data...
[4/11/2012 3:59:56 PM] Loaded all level data!
[4/11/2012 3:59:57 PM] Finished generating Level!
[4/11/2012 3:59:57 PM] Loading plugins...
[4/11/2012 3:59:57 PM] MemChecker enabling..
[4/11/2012 3:59:57 PM] Loaded all plugins!
[4/11/2012 3:59:57 PM] Current date is 4/11/2012 3:59:57 PM
[4/11/2012 3:59:57 PM] Saved HeartBeat URL to external-url.txt!
[4/11/2012 4:00:03 PM] 'wthh' is not a valid command. Type 'help' or '?'
[4/11/2012 4:00:04 PM] Disabling all plugins...
[4/11/2012 4:00:04 PM] MemChecker is disabling...
[4/11/2012 4:00:04 PM] All plugins disabled!
[4/11/2012 4:00:04 PM] Saving level data...
[4/11/2012 4:00:04 PM] Saved all level data!
[4/11/2012 4:00:04 PM] Loading level data...
[4/11/2012 4:00:05 PM] Loaded level 'Smaller'
[4/11/2012 4:00:05 PM] Loaded all level data!
[4/11/2012 4:00:05 PM] Loading plugins...
[4/11/2012 4:00:05 PM] MemChecker enabling..
[4/11/2012 4:00:05 PM] Loaded all plugins!
[4/11/2012 4:00:05 PM] Finished reloading!
[4/11/2012 4:00:41 PM] Server started!
[4/11/2012 4:00:41 PM] Loading level data...
[4/11/2012 4:00:41 PM] Loaded all level data!
[4/11/2012 4:00:42 PM] Finished generating Level!
[4/11/2012 4:00:42 PM] Loading plugins...
[4/11/2012 4:00:43 PM] MemChecker enabling..
[4/11/2012 4:00:43 PM] Loaded all plugins!
[4/11/2012 4:00:43 PM] Current date is 4/11/2012 4:00:43 PM
[4/11/2012 4:00:43 PM] Saved HeartBeat URL to external-url.txt!
[4/11/2012 4:02:14 PM] dreadiscool connected to the server from 127.0.0.1:12720
[4/11/2012 4:02:44 PM] dreadiscool disconnected from the server.
[4/11/2012 4:02:48 PM] Stopping server...
[4/11/2012 4:02:48 PM] Disabling all plugins...
[4/11/2012 4:02:48 PM] MemChecker is disabling...
[4/11/2012 4:02:48 PM] All plugins disabled!
[4/11/2012 4:02:48 PM] Saving level data...
[4/11/2012 4:02:49 PM] Saved level 'Smaller'
[4/11/2012 4:02:49 PM] Saved all level data!
[4/11/2012 4:02:49 PM] Server stopped
[4/11/2012 4:03:51 PM] Server started!
[4/11/2012 4:03:52 PM] Loading level data...
[4/11/2012 4:03:52 PM] Loaded all level data!
[4/11/2012 4:03:52 PM] Finished generating Level!
[4/11/2012 4:03:52 PM] Loading plugins...
[4/11/2012 4:03:52 PM] MemChecker enabling..
[4/11/2012 4:03:52 PM] Loaded all plugins!
[4/11/2012 4:03:52 PM] Current date is 4/11/2012 4:03:52 PM
[4/11/2012 4:03:52 PM] Saved HeartBeat URL to external-url.txt!
[4/11/2012 4:05:17 PM] dreadiscool connected to the server from 127.0.0.1:13121
[4/11/2012 4:06:20 PM] dreadiscool disconnected from the server.
[4/11/2012 4:06:49 PM] Stopping server...
[4/11/2012 4:06:49 PM] Disabling all plugins...
[4/11/2012 4:06:49 PM] MemChecker is disabling...
[4/11/2012 4:06:49 PM] All plugins disabled!
[4/11/2012 4:06:49 PM] Saving level data...
[4/11/2012 4:06:50 PM] Saved level 'Smaller'
[4/11/2012 4:06:50 PM] Saved all level data!
[4/11/2012 4:06:50 PM] Server stopped
[4/11/2012 4:30:11 PM] Server started!
[4/11/2012 4:30:12 PM] Loading level data...
[4/11/2012 4:30:12 PM] Loaded all level data!
[4/11/2012 4:30:12 PM] Finished generating Level!
[4/11/2012 4:30:12 PM] Loading plugins...
[4/11/2012 4:30:12 PM] MemChecker enabling..
[4/11/2012 4:30:12 PM] Loaded all plugins!
[4/11/2012 4:30:12 PM] Current date is 4/11/2012 4:30:12 PM
[4/11/2012 4:30:12 PM] Saved HeartBeat URL to external-url.txt!
[4/11/2012 4:30:46 PM] dreadiscool connected to the server from 127.0.0.1:16474
[4/11/2012 4:32:08 PM] dreadiscool disconnected from the server.
[4/11/2012 4:32:33 PM] Stopping server...
[4/11/2012 4:32:33 PM] Disabling all plugins...
[4/11/2012 4:32:33 PM] MemChecker is disabling...
[4/11/2012 4:32:33 PM] All plugins disabled!
[4/11/2012 4:32:33 PM] Saving level data...
[4/11/2012 4:32:33 PM] Saved level 'Smaller'
[4/11/2012 4:32:33 PM] Saved all level data!
[4/11/2012 4:32:33 PM] Server stopped
[4/11/2012 4:42:10 PM] Server started!
[4/11/2012 4:42:11 PM] Loading level data...
[4/11/2012 4:42:11 PM] Loaded level 'Smaller'
[4/11/2012 4:42:11 PM] Loaded all level data!
[4/11/2012 4:42:11 PM] Loading plugins...
[4/11/2012 4:42:11 PM] MemChecker enabling..
[4/11/2012 4:42:11 PM] Loaded all plugins!
[4/11/2012 4:42:11 PM] Current date is 4/11/2012 4:42:11 PM
[4/11/2012 4:42:11 PM] Saved HeartBeat URL to external-url.txt!
[4/11/2012 4:42:36 PM] dreadiscool connected to the server from 127.0.0.1:17951
[4/11/2012 4:42:46 PM] dreadiscool disconnected from the server.
[4/11/2012 4:42:54 PM] dreadiscool connected to the server from 127.0.0.1:18000
[4/11/2012 4:43:42 PM] dreadiscool was kicked from the server!
[4/11/2012 4:43:42 PM] dreadiscool used /crash! XD
[4/11/2012 4:43:42 PM] dreadiscool was kicked from the server!
[4/11/2012 4:43:42 PM] dreadiscool disconnected from the server.
[4/11/2012 4:44:45 PM] Server started!
[4/11/2012 4:44:45 PM] Loading level data...
[4/11/2012 4:44:45 PM] Loaded level 'Smaller'
[4/11/2012 4:44:45 PM] Loaded all level data!
[4/11/2012 4:44:45 PM] Loading plugins...
[4/11/2012 4:44:45 PM] MemChecker enabling..
[4/11/2012 4:44:45 PM] Loaded all plugins!
[4/11/2012 4:44:45 PM] Current date is 4/11/2012 4:44:45 PM
[4/11/2012 4:44:45 PM] Saved HeartBeat URL to external-url.txt!
[4/11/2012 4:45:31 PM] dreadiscool connected to the server from 127.0.0.1:18336
[4/11/2012 4:46:20 PM] dreadiscool disconnected from the server.
[4/11/2012 4:46:53 PM] Stopping server...
[4/11/2012 4:46:53 PM] Disabling all plugins...
[4/11/2012 4:46:53 PM] MemChecker is disabling...
[4/11/2012 4:46:53 PM] All plugins disabled!
[4/11/2012 4:46:53 PM] Saving level data...
[4/11/2012 4:46:54 PM] Saved level 'Smaller'
[4/11/2012 4:46:54 PM] Saved all level data!
[4/11/2012 4:46:54 PM] Server stopped
[4/11/2012 4:50:45 PM] Server started!
[4/11/2012 4:50:45 PM] Loading level data...
[4/11/2012 4:50:45 PM] Loaded level 'Smaller'
[4/11/2012 4:50:45 PM] Loaded all level data!
[4/11/2012 4:50:45 PM] Loading plugins...
[4/11/2012 4:50:45 PM] MemChecker enabling..
[4/11/2012 4:50:45 PM] Loaded all plugins!
[4/11/2012 4:50:45 PM] Current date is 4/11/2012 4:50:45 PM
[4/11/2012 4:50:46 PM] Saved HeartBeat URL to external-url.txt!
[4/11/2012 5:17:02 PM] Server started!
[4/11/2012 5:17:02 PM] Loading level data...
[4/11/2012 5:17:02 PM] Loaded level 'Smaller'
[4/11/2012 5:17:02 PM] Loaded all level data!
[4/11/2012 5:17:02 PM] Loading plugins...
[4/11/2012 5:17:03 PM] MemChecker enabling..
[4/11/2012 5:17:03 PM] Loaded all plugins!
[4/11/2012 5:17:03 PM] Current date is 4/11/2012 5:17:03 PM
[4/11/2012 5:17:03 PM] Saved HeartBeat URL to external-url.txt!
[4/11/2012 5:17:49 PM] Server started!
[4/11/2012 5:17:50 PM] Loading level data...
[4/11/2012 5:17:50 PM] Loaded level 'Smaller'
[4/11/2012 5:17:50 PM] Loaded all level data!
[4/11/2012 5:17:50 PM] Loading plugins...
[4/11/2012 5:17:50 PM] MemChecker enabling..
[4/11/2012 5:17:50 PM] Loaded all plugins!
[4/11/2012 5:17:50 PM] Current date is 4/11/2012 5:17:50 PM
[4/11/2012 5:17:51 PM] Saved HeartBeat URL to external-url.txt!
[4/11/2012 5:23:30 PM] Server started!
[4/11/2012 5:23:31 PM] Loading level data...
[4/11/2012 5:23:31 PM] Loaded level 'Smaller'
[4/11/2012 5:23:31 PM] Loaded all level data!
[4/11/2012 5:23:31 PM] Loading plugins...
[4/11/2012 5:23:31 PM] MemChecker enabling..
[4/11/2012 5:23:31 PM] Loaded all plugins!
[4/11/2012 5:23:31 PM] Current date is 4/11/2012 5:23:31 PM
[4/11/2012 5:23:31 PM] Saved HeartBeat URL to external-url.txt!
[4/11/2012 5:45:14 PM] Server started!
[4/11/2012 5:45:14 PM] Loading level data...
[4/11/2012 5:45:14 PM] Loaded level 'Smaller'
[4/11/2012 5:45:14 PM] Loaded all level data!
[4/11/2012 5:45:14 PM] Loading plugins...
[4/11/2012 5:45:14 PM] MemChecker enabling..
[4/11/2012 5:45:14 PM] Loaded all plugins!
[4/11/2012 5:45:14 PM] Current date is 4/11/2012 5:45:14 PM
[4/11/2012 5:45:15 PM] Saved HeartBeat URL to external-url.txt!
[4/11/2012 5:46:10 PM] dreadiscool connected to the server from 127.0.0.1:26395
[4/11/2012 5:46:31 PM] dreadiscool disconnected from the server.
[4/11/2012 5:46:43 PM] dreadiscool connected to the server from 127.0.0.1:26478
[4/11/2012 5:47:15 PM] <dreadiscool> test
[4/11/2012 5:48:05 PM] itzsantaclaus connected to the server from 127.0.0.1:26717
[4/11/2012 5:48:05 PM] dreadiscool was kicked from the server!
[4/11/2012 5:48:47 PM] dreadiscool connected to the server from 127.0.0.1:26819
[4/11/2012 5:49:21 PM] <itzsantaclaus> test
[4/11/2012 5:53:48 PM] Server started!
[4/11/2012 5:53:49 PM] Loading level data...
[4/11/2012 5:53:49 PM] Loaded level 'Smaller'
[4/11/2012 5:53:49 PM] Loaded all level data!
[4/11/2012 5:53:49 PM] Loading plugins...
[4/11/2012 5:53:49 PM] MemChecker enabling..
[4/11/2012 5:53:49 PM] Loaded all plugins!
[4/11/2012 5:53:49 PM] Current date is 4/11/2012 5:53:49 PM
[4/11/2012 5:53:49 PM] Saved HeartBeat URL to external-url.txt!
[4/11/2012 5:54:23 PM] dreadiscool connected to the server from 127.0.0.1:27599
[4/11/2012 5:54:32 PM] <dreadiscool> test
[4/11/2012 5:54:35 PM] <dreadiscool> nolag
[4/11/2012 5:55:45 PM] itzsantaclaus connected to the server from 127.0.0.1:27824
[4/11/2012 5:56:57 PM] Server started!
[4/11/2012 5:56:58 PM] Loading level data...
[4/11/2012 5:56:58 PM] Loaded level 'Smaller'
[4/11/2012 5:56:58 PM] Loaded all level data!
[4/11/2012 5:56:58 PM] Loading plugins...
[4/11/2012 5:56:58 PM] MemChecker enabling..
[4/11/2012 5:56:58 PM] Loaded all plugins!
[4/11/2012 5:56:58 PM] Current date is 4/11/2012 5:56:58 PM
[4/11/2012 5:56:58 PM] Saved HeartBeat URL to external-url.txt!
[4/11/2012 5:57:57 PM] dreadiscool connected to the server from 127.0.0.1:28191
[4/11/2012 5:58:41 PM] itzsantaclaus connected to the server from 127.0.0.1:28290
[4/11/2012 5:59:59 PM] Server started!
[4/11/2012 6:00:00 PM] Loading level data...
[4/11/2012 6:00:00 PM] Loaded level 'Smaller'
[4/11/2012 6:00:00 PM] Loaded all level data!
[4/11/2012 6:00:00 PM] Loading plugins...
[4/11/2012 6:00:00 PM] MemChecker enabling..
[4/11/2012 6:00:00 PM] Loaded all plugins!
[4/11/2012 6:00:00 PM] Current date is 4/11/2012 6:00:00 PM
[4/11/2012 6:00:00 PM] Saved HeartBeat URL to external-url.txt!
[4/11/2012 6:00:31 PM] dreadiscool connected to the server from 127.0.0.1:28603
[4/11/2012 6:00:38 PM] itzsantaclaus connected to the server from 127.0.0.1:28618
[4/11/2012 6:01:53 PM] itzsantaclaus disconnected from the server.
[4/11/2012 6:02:06 PM] <dreadiscool> test
[4/11/2012 6:02:18 PM] itzsantaclaus connected to the server from 127.0.0.1:28844
[4/11/2012 6:02:18 PM] dreadiscool was kicked from the server!
[4/11/2012 6:02:27 PM] itzsantaclaus disconnected from the server.
[4/11/2012 6:36:27 PM] Server started!
[4/11/2012 6:36:27 PM] Loading level data...
[4/11/2012 6:36:28 PM] Loaded level 'Smaller'
[4/11/2012 6:36:28 PM] Loaded all level data!
[4/11/2012 6:36:28 PM] Loading plugins...
[4/11/2012 6:36:28 PM] MemChecker enabling..
[4/11/2012 6:36:28 PM] Loaded all plugins!
[4/11/2012 6:36:28 PM] Current date is 4/11/2012 6:36:28 PM
[4/11/2012 6:36:28 PM] Saved HeartBeat URL to external-url.txt!
[4/11/2012 6:38:53 PM] dreadiscool connected to the server from 127.0.0.1:33505
[4/11/2012 6:39:20 PM] <dreadiscool> test
[4/11/2012 6:44:57 PM] <dreadiscool> test
[4/11/2012 6:45:01 PM] <dreadiscool> pewp
[4/11/2012 6:45:03 PM] itzsantaclaus connected to the server from 127.0.0.1:34427
[4/11/2012 6:45:03 PM] dreadiscool was kicked from the server!
[4/12/2012 10:36:46 AM] Server started!
[4/12/2012 10:36:47 AM] Loading level data...
[4/12/2012 10:36:47 AM] Loaded level 'Smaller'
[4/12/2012 10:36:47 AM] Loaded all level data!
[4/12/2012 10:36:47 AM] Loading plugins...
[4/12/2012 10:36:47 AM] MemChecker enabling..
[4/12/2012 10:36:47 AM] Loaded all plugins!
[4/12/2012 10:36:47 AM] Current date is 4/12/2012 10:36:47 AM
[4/12/2012 10:36:47 AM] Saved HeartBeat URL to external-url.txt!
[4/12/2012 11:11:08 AM] Server started!
[4/12/2012 11:11:08 AM] Loading level data...
[4/12/2012 11:11:08 AM] Loaded level 'Smaller'
[4/12/2012 11:11:08 AM] Loaded all level data!
[4/12/2012 11:11:08 AM] Loading plugins...
[4/12/2012 11:11:08 AM] MemChecker enabling..
[4/12/2012 11:11:08 AM] Loaded all plugins!
[4/12/2012 11:11:08 AM] Current date is 4/12/2012 11:11:08 AM
[4/12/2012 11:11:09 AM] Saved HeartBeat URL to external-url.txt!
[4/12/2012 11:18:48 AM] Server Plugins: MemChecker
[4/12/2012 11:18:49 AM] 'pl' is not a valid command. Type 'help' or '?'
[4/12/2012 11:24:31 AM] dreadiscool connected to the server from 127.0.0.1:30435
[4/12/2012 11:37:47 AM] Server started!
[4/12/2012 11:37:47 AM] Loading level data...
[4/12/2012 11:37:47 AM] Loaded level 'Smaller'
[4/12/2012 11:37:47 AM] Loaded all level data!
[4/12/2012 11:37:47 AM] Loading plugins...
[4/12/2012 11:37:48 AM] MemChecker enabling..
[4/12/2012 11:37:48 AM] Loaded all plugins!
[4/12/2012 11:37:48 AM] Current date is 4/12/2012 11:37:48 AM
[4/12/2012 11:37:48 AM] Saved HeartBeat URL to external-url.txt!
[4/12/2012 11:39:37 AM] dreadiscool connected to the server from 127.0.0.1:32541
[4/12/2012 11:40:11 AM] <dreadiscool> test
[4/12/2012 11:40:26 AM] itzsantaclaus was kicked from the server!
[4/12/2012 11:40:26 AM] Could not verify itzsantaclaus's username!
[4/12/2012 11:42:39 AM] itzsantaclaus was kicked from the server!
[4/12/2012 11:42:39 AM] Could not verify itzsantaclaus's username!
[4/12/2012 1:51:18 PM] Server started!
[4/12/2012 1:51:19 PM] Loading level data...
[4/12/2012 1:51:20 PM] Loaded level 'Smaller'
[4/12/2012 1:51:20 PM] Loaded all level data!
[4/12/2012 1:51:20 PM] Loading plugins...
[4/12/2012 1:51:20 PM] MemChecker enabling..
[4/12/2012 1:51:20 PM] Loaded all plugins!
[4/12/2012 1:51:20 PM] Current date is 4/12/2012 1:51:20 PM
[4/12/2012 1:51:20 PM] Saved HeartBeat URL to external-url.txt!
[4/12/2012 1:51:51 PM] Currently using 31 MegaBytes of RAM
[4/12/2012 1:51:56 PM] [WARNING] Exception in main thread. Ignoring...
[4/12/2012 1:51:59 PM] [WARNING] Exception in main thread. Ignoring...
[4/12/2012 1:52:04 PM] There are no players online!
[4/12/2012 1:52:06 PM] 'players' is not a valid command. Type 'help' or '?'
[4/12/2012 1:52:07 PM] There are no players online!
[4/12/2012 1:52:08 PM] 'players' is not a valid command. Type 'help' or '?'
[4/12/2012 1:52:11 PM] '	' is not a valid command. Type 'help' or '?'
[4/12/2012 1:52:22 PM] '																																																																																																																																																																																' is not a valid command. Type 'help' or '?'
[4/12/2012 1:52:27 PM] 'restart' is not a valid command. Type 'help' or '?'
[4/12/2012 1:52:28 PM] Disabling all plugins...
[4/12/2012 1:52:28 PM] MemChecker is disabling...
[4/12/2012 1:52:28 PM] All plugins disabled!
[4/12/2012 1:52:28 PM] Saving level data...
[4/12/2012 1:52:28 PM] Saved level 'Smaller'
[4/12/2012 1:52:28 PM] Saved all level data!
[4/12/2012 1:52:28 PM] Loading level data...
[4/12/2012 1:52:28 PM] Loaded level 'Smaller'
[4/12/2012 1:52:28 PM] Loaded all level data!
[4/12/2012 1:52:28 PM] Loading plugins...
[4/12/2012 1:52:28 PM] MemChecker enabling..
[4/12/2012 1:52:28 PM] Loaded all plugins!
[4/12/2012 1:52:28 PM] Finished reloading!
[4/12/2012 1:52:30 PM] Disabling all plugins...
[4/12/2012 1:52:30 PM] MemChecker is disabling...
[4/12/2012 1:52:30 PM] All plugins disabled!
[4/12/2012 1:52:30 PM] Saving level data...
[4/12/2012 1:52:31 PM] Saved level 'Smaller'
[4/12/2012 1:52:31 PM] Saved all level data!
[4/12/2012 1:52:31 PM] Loading level data...
[4/12/2012 1:52:31 PM] Loaded level 'Smaller'
[4/12/2012 1:52:31 PM] Loaded all level data!
[4/12/2012 1:52:31 PM] Loading plugins...
[4/12/2012 1:52:31 PM] MemChecker enabling..
[4/12/2012 1:52:31 PM] Loaded all plugins!
[4/12/2012 1:52:31 PM] Finished reloading!
[4/12/2012 1:52:33 PM] Currently using 32 MegaBytes of RAM
[4/12/2012 2:00:49 PM] Server started!
[4/12/2012 2:00:50 PM] Loading level data...
[4/12/2012 2:00:50 PM] Loaded level 'Smaller'
[4/12/2012 2:00:50 PM] Loaded all level data!
[4/12/2012 2:00:50 PM] Loading plugins...
[4/12/2012 2:00:50 PM] MemChecker enabling..
[4/12/2012 2:00:50 PM] Loaded all plugins!
[4/12/2012 2:00:50 PM] Current date is 4/12/2012 2:00:50 PM
[4/12/2012 2:00:50 PM] Saved HeartBeat URL to external-url.txt!
[4/12/2012 2:01:19 PM] Server started!
[4/12/2012 2:01:19 PM] Loading level data...
[4/12/2012 2:01:19 PM] Loaded level 'Smaller'
[4/12/2012 2:01:19 PM] Loaded all level data!
[4/12/2012 2:01:19 PM] Loading plugins...
[4/12/2012 2:01:19 PM] MemChecker enabling..
[4/12/2012 2:01:19 PM] Loaded all plugins!
[4/12/2012 2:01:19 PM] Current date is 4/12/2012 2:01:19 PM
[4/12/2012 2:01:19 PM] Saved HeartBeat URL to external-url.txt!
[4/12/2012 2:01:20 PM] [Server] hi
[4/12/2012 2:01:57 PM] Server started!
[4/12/2012 2:01:58 PM] Loading level data...
[4/12/2012 2:01:58 PM] Loaded level 'Smaller'
[4/12/2012 2:01:58 PM] Loaded all level data!
[4/12/2012 2:01:58 PM] Loading plugins...
[4/12/2012 2:01:58 PM] MemChecker enabling..
[4/12/2012 2:01:58 PM] Loaded all plugins!
[4/12/2012 2:01:58 PM] Current date is 4/12/2012 2:01:58 PM
[4/12/2012 2:01:59 PM] Saved HeartBeat URL to external-url.txt!
[4/12/2012 2:06:59 PM] Server started!▐░▒
[4/12/2012 2:07:00 PM] Loading level data...
[4/12/2012 2:07:00 PM] Loaded level 'Smaller'
[4/12/2012 2:07:00 PM] Loaded all level data!
[4/12/2012 2:07:00 PM] Loading plugins...
[4/12/2012 2:07:00 PM] MemChecker enabling..
[4/12/2012 2:07:00 PM] Loaded all plugins!
[4/12/2012 2:07:00 PM] Current date is 4/12/2012 2:07:00 PM
[4/12/2012 2:07:00 PM] Saved HeartBeat URL to external-url.txt!
[4/12/2012 2:07:21 PM] Server started!▐ ▐▐
[4/12/2012 2:07:21 PM] Loading level data...
[4/12/2012 2:07:21 PM] Loaded level 'Smaller'
[4/12/2012 2:07:21 PM] Loaded all level data!
[4/12/2012 2:07:21 PM] Loading plugins...
[4/12/2012 2:07:21 PM] MemChecker enabling..
[4/12/2012 2:07:21 PM] Loaded all plugins!
[4/12/2012 2:07:21 PM] Current date is 4/12/2012 2:07:21 PM
[4/12/2012 2:07:22 PM] Saved HeartBeat URL to external-url.txt!
[4/12/2012 2:13:36 PM] Server started!
[4/12/2012 2:13:36 PM] Loading level data...
[4/12/2012 2:13:37 PM] Loaded level 'Smaller'
[4/12/2012 2:13:37 PM] Loaded all level data!
[4/12/2012 2:13:37 PM] Loading plugins...
[4/12/2012 2:13:37 PM] MemChecker enabling..
[4/12/2012 2:13:37 PM] Loaded all plugins!
[4/12/2012 2:13:37 PM] Current date is 4/12/2012 2:13:37 PM
[4/12/2012 2:13:37 PM] Saved HeartBeat URL to external-url.txt!
[4/12/2012 2:18:08 PM] Server started!
[4/12/2012 2:18:09 PM] Loading level data...
[4/12/2012 2:18:09 PM] Loaded level 'Smaller'
[4/12/2012 2:18:09 PM] Loaded all level data!
[4/12/2012 2:18:09 PM] Loading plugins...
[4/12/2012 2:18:09 PM] MemChecker enabling..
[4/12/2012 2:18:09 PM] Loaded all plugins!
[4/12/2012 2:18:09 PM] Current date is 4/12/2012 2:18:09 PM
[4/12/2012 2:18:10 PM] Saved HeartBeat URL to external-url.txt!
[4/12/2012 5:28:16 PM] Server started!
[4/12/2012 5:28:16 PM] Loading level data...
[4/12/2012 5:28:17 PM] Loaded level 'Smaller'
[4/12/2012 5:28:17 PM] Loaded all level data!
[4/12/2012 5:28:17 PM] Loading plugins...
[4/12/2012 5:28:17 PM] MemChecker enabling..
[4/12/2012 5:28:17 PM] Loaded all plugins!
[4/12/2012 5:28:17 PM] Current date is 4/12/2012 5:28:17 PM
[4/12/2012 5:28:17 PM] Saved HeartBeat URL to external-url.txt!
[4/12/2012 5:32:14 PM] Server started!
[4/12/2012 5:32:15 PM] Loading level data...
[4/12/2012 5:32:15 PM] Loaded level 'Smaller'
[4/12/2012 5:32:15 PM] Loaded all level data!
[4/12/2012 5:32:15 PM] Loading plugins...
[4/12/2012 5:32:15 PM] MemChecker enabling..
[4/12/2012 5:32:15 PM] Loaded all plugins!
[4/12/2012 5:32:15 PM] Current date is 4/12/2012 5:32:15 PM
[4/12/2012 5:32:16 PM] Saved HeartBeat URL to external-url.txt!
[4/12/2012 5:33:14 PM] dreadiscool connected to the server from 127.0.0.1:27705
[4/12/2012 5:34:01 PM] <dreadiscool> test
[4/12/2012 5:34:04 PM] itzsantaclaus connected to the server from 127.0.0.1:27931
[4/12/2012 5:34:04 PM] dreadiscool was kicked from the server!
[4/12/2012 5:34:11 PM] itzsantaclaus disconnected from the server.
[4/12/2012 5:37:14 PM] Server started!
[4/12/2012 5:37:15 PM] Loading level data...
[4/12/2012 5:37:15 PM] Loaded level 'Smaller'
[4/12/2012 5:37:15 PM] Loaded all level data!
[4/12/2012 5:37:15 PM] Loading plugins...
[4/12/2012 5:37:15 PM] MemChecker enabling..
[4/12/2012 5:37:15 PM] Loaded all plugins!
[4/12/2012 5:37:15 PM] Current date is 4/12/2012 5:37:15 PM
[4/12/2012 5:37:15 PM] Saved HeartBeat URL to external-url.txt!
[4/12/2012 5:37:49 PM] dreadiscool connected to the server from 127.0.0.1:28425
[4/12/2012 5:40:40 PM] <dreadiscool> poop
[4/12/2012 5:40:45 PM] Opping dreadiscool
[4/12/2012 5:40:47 PM] <dreadiscool> :D
[4/12/2012 5:40:52 PM] <dreadiscool> admin please op me
[4/12/2012 5:41:11 PM] <dreadiscool> test
[4/12/2012 5:41:12 PM] <dreadiscool> \test
[4/12/2012 5:41:15 PM] <dreadiscool> ./test
[4/12/2012 5:42:00 PM] [Server] hi
[4/12/2012 5:42:05 PM] [Server] what's up dewd
[4/12/2012 5:42:31 PM] itzsantaclaus was kicked from the server!
[4/12/2012 5:42:31 PM] Could not verify itzsantaclaus's username!
[4/12/2012 5:42:41 PM] dreadiscool was kicked from the server!
[4/12/2012 5:42:41 PM] dreadiscool was kicked from the server!
[4/12/2012 5:47:59 PM] Stopping server...
[4/12/2012 5:47:59 PM] Disabling all plugins...
[4/12/2012 5:47:59 PM] MemChecker is disabling...
[4/12/2012 5:47:59 PM] All plugins disabled!
[4/12/2012 5:47:59 PM] Saving level data...
[4/12/2012 5:47:59 PM] Saved level 'Smaller'
[4/12/2012 5:47:59 PM] Saved all level data!
[4/12/2012 5:47:59 PM] Server stopped
[4/12/2012 6:26:26 PM] Server started!
[4/12/2012 6:26:27 PM] Loading level data...
[4/12/2012 6:26:27 PM] Loaded level 'Smaller'
[4/12/2012 6:26:27 PM] Loaded all level data!
[4/12/2012 6:26:27 PM] Loading plugins...
[4/12/2012 6:26:27 PM] MemChecker enabling..
[4/12/2012 6:26:27 PM] Loaded all plugins!
[4/12/2012 6:26:27 PM] Current date is 4/12/2012 6:26:27 PM
[4/12/2012 6:26:27 PM] Saved HeartBeat URL to external-url.txt!
[4/12/2012 6:26:54 PM] dreadiscool connected to the server from 127.0.0.1:34770
[4/12/2012 6:27:37 PM] dreadiscool disconnected from the server.
[4/12/2012 6:32:08 PM] itzsantaclaus connected to the server from 127.0.0.1:35547
[4/12/2012 6:32:16 PM] <itzsantaclaus> test
[4/12/2012 6:32:49 PM] dreadiscool connected to the server from 127.0.0.1:35658
[4/12/2012 6:32:49 PM] itzsantaclaus was kicked from the server!
[4/12/2012 6:33:12 PM] dreadiscool disconnected from the server.
[4/12/2012 8:28:20 PM] Server started!
[4/12/2012 8:28:21 PM] Loading level data...
[4/12/2012 8:28:21 PM] Loaded level 'Smaller'
[4/12/2012 8:28:21 PM] Loaded all level data!
[4/12/2012 8:28:21 PM] Loading plugins...
[4/12/2012 8:28:21 PM] MemChecker enabling..
[4/12/2012 8:28:21 PM] Loaded all plugins!
[4/12/2012 8:28:21 PM] Current date is 4/12/2012 8:28:21 PM
[4/12/2012 8:28:21 PM] Saved HeartBeat URL to external-url.txt!
[4/12/2012 8:28:46 PM] dreadiscool connected to the server from 127.0.0.1:40329
[4/12/2012 8:29:39 PM] itzsantaclaus connected to the server from 127.0.0.1:40507
[4/12/2012 8:29:39 PM] dreadiscool was kicked from the server!
[4/12/2012 8:30:55 PM] itzsantaclaus disconnected from the server.
[4/12/2012 8:31:18 PM] Stopping server...
[4/12/2012 8:31:18 PM] Disabling all plugins...
[4/12/2012 8:31:18 PM] MemChecker is disabling...
[4/12/2012 8:31:18 PM] All plugins disabled!
[4/12/2012 8:31:18 PM] Saving level data...
[4/12/2012 8:31:19 PM] Saved level 'Smaller'
[4/12/2012 8:31:19 PM] Saved all level data!
[4/12/2012 8:31:19 PM] Server stopped
[4/12/2012 9:14:54 PM] Server started!
[4/12/2012 9:14:54 PM] Loading level data...
[4/12/2012 9:14:54 PM] Loaded level 'Smaller'
[4/12/2012 9:14:54 PM] Loaded all level data!
[4/12/2012 9:14:54 PM] Loading plugins...
[4/12/2012 9:14:54 PM] MemChecker enabling..
[4/12/2012 9:14:54 PM] Loaded all plugins!
[4/12/2012 9:14:54 PM] Current date is 4/12/2012 9:14:54 PM
[4/12/2012 9:14:55 PM] Saved HeartBeat URL to external-url.txt!
[4/13/2012 10:00:30 AM] Server started!
[4/13/2012 10:00:32 AM] Loading level data...
[4/13/2012 10:00:32 AM] Loaded level 'Smaller'
[4/13/2012 10:00:32 AM] Loaded all level data!
[4/13/2012 10:00:32 AM] Loading plugins...
[4/13/2012 10:00:32 AM] MemChecker enabling..
[4/13/2012 10:00:32 AM] Loaded all plugins!
[4/13/2012 10:00:32 AM] Current date is 4/13/2012 10:00:32 AM
[4/13/2012 10:00:33 AM] Saved HeartBeat URL to external-url.txt!
[4/13/2012 10:12:42 AM] Server started!
[4/13/2012 10:12:43 AM] Loading level data...
[4/13/2012 10:12:43 AM] Loaded level 'Smaller'
[4/13/2012 10:12:43 AM] Loaded all level data!
[4/13/2012 10:12:43 AM] Loading plugins...
[4/13/2012 10:12:43 AM] MemChecker enabling..
[4/13/2012 10:12:43 AM] Loaded all plugins!
[4/13/2012 10:12:43 AM] Current date is 4/13/2012 10:12:43 AM
[4/13/2012 10:12:43 AM] Saved HeartBeat URL to external-url.txt!
[4/13/2012 10:13:40 AM] dreadiscool connected to the server from 127.0.0.1:21628
[4/13/2012 10:13:57 AM] [Server] hi
[4/13/2012 10:14:07 AM] <dreadiscool> eh?
[4/13/2012 10:14:26 AM] itzsantaclaus connected to the server from 127.0.0.1:21753
[4/13/2012 10:14:27 AM] dreadiscool was kicked from the server!
[4/13/2012 10:14:28 AM] [Server] what's up
[4/13/2012 10:14:41 AM] itzsantaclaus disconnected from the server.
[4/13/2012 10:34:48 AM] Server started!
[4/13/2012 10:34:49 AM] Loading level data...
[4/13/2012 10:34:49 AM] Loaded level 'Smaller'
[4/13/2012 10:34:49 AM] Loaded all level data!
[4/13/2012 10:34:49 AM] Loading plugins...
[4/13/2012 10:34:49 AM] MemChecker enabling..
[4/13/2012 10:34:49 AM] Loaded all plugins!
[4/13/2012 10:34:49 AM] Current date is 4/13/2012 10:34:49 AM
[4/13/2012 10:35:03 AM] Saved HeartBeat URL to external-url.txt!
[4/13/2012 10:35:50 AM] dreadiscool connected to the server from 127.0.0.1:24880
[4/13/2012 10:36:42 AM] <dreadiscool> test
[4/13/2012 10:37:00 AM] <dreadiscool> mem
[4/13/2012 10:38:28 AM] itzsantaclaus connected to the server from 127.0.0.1:25210
[4/13/2012 10:39:42 AM] <dreadiscool> test
[4/13/2012 10:39:57 AM] dreadiscool disconnected from the server.
[4/13/2012 10:57:00 AM] Server started!
[4/13/2012 10:57:01 AM] Loading level data...
[4/13/2012 10:57:01 AM] Loaded level 'Smaller'
[4/13/2012 10:57:01 AM] Loaded all level data!
[4/13/2012 10:57:01 AM] Loading plugins...
[4/13/2012 10:57:01 AM] MemChecker enabling..
[4/13/2012 10:57:01 AM] Loaded all plugins!
[4/13/2012 10:57:01 AM] Current date is 4/13/2012 10:57:01 AM
[4/13/2012 10:57:02 AM] Failed to send heartbeat! Is minecraft.net down?
	The remote server returned an error: (500) Internal Server Error.
[4/13/2012 10:57:16 AM] Saved HeartBeat URL to external-url.txt!
[4/13/2012 10:57:45 AM] Failed to send heartbeat! Is minecraft.net down?
	The remote server returned an error: (500) Internal Server Error.
[4/13/2012 10:59:00 AM] Failed to send heartbeat! Is minecraft.net down?
	The remote server returned an error: (500) Internal Server Error.
[4/13/2012 10:59:30 AM] dreadiscool connected to the server from 127.0.0.1:27942
[4/13/2012 10:59:31 AM] dreadiscool disconnected from the server.
[4/13/2012 10:59:47 AM] Server started!
[4/13/2012 10:59:47 AM] Loading level data...
[4/13/2012 10:59:48 AM] Loaded level 'Smaller'
[4/13/2012 10:59:48 AM] Loaded all level data!
[4/13/2012 10:59:48 AM] Loading plugins...
[4/13/2012 10:59:48 AM] MemChecker enabling..
[4/13/2012 10:59:48 AM] Loaded all plugins!
[4/13/2012 10:59:48 AM] Current date is 4/13/2012 10:59:48 AM
[4/13/2012 11:00:10 AM] Server started!
[4/13/2012 11:00:11 AM] Loading level data...
[4/13/2012 11:00:11 AM] Loaded level 'Smaller'
[4/13/2012 11:00:11 AM] Loaded all level data!
[4/13/2012 11:00:11 AM] Loading plugins...
[4/13/2012 11:00:11 AM] MemChecker enabling..
[4/13/2012 11:00:11 AM] Loaded all plugins!
[4/13/2012 11:00:11 AM] Current date is 4/13/2012 11:00:11 AM
[4/13/2012 11:00:25 AM] Failed to send heartbeat! Is minecraft.net down?
	The remote server returned an error: (500) Internal Server Error.
[4/13/2012 11:00:40 AM] Failed to send heartbeat! Is minecraft.net down?
	The remote server returned an error: (500) Internal Server Error.
[4/13/2012 11:00:49 AM] Saved HeartBeat URL to external-url.txt!
[4/13/2012 11:00:55 AM] Failed to send heartbeat! Is minecraft.net down?
	The remote server returned an error: (500) Internal Server Error.
[4/13/2012 11:01:55 AM] Failed to send heartbeat! Is minecraft.net down?
	The remote server returned an error: (500) Internal Server Error.
[4/13/2012 11:02:25 AM] Failed to send heartbeat! Is minecraft.net down?
	The remote server returned an error: (500) Internal Server Error.
[4/13/2012 11:02:40 AM] Failed to send heartbeat! Is minecraft.net down?
	The remote server returned an error: (500) Internal Server Error.
[4/13/2012 11:02:55 AM] Failed to send heartbeat! Is minecraft.net down?
	The remote server returned an error: (500) Internal Server Error.
[4/13/2012 11:03:24 AM] 'sotp' is not a valid command. Type 'help' or '?'
[4/13/2012 11:03:25 AM] Stopping server...
[4/13/2012 11:03:25 AM] Disabling all plugins...
[4/13/2012 11:03:25 AM] MemChecker is disabling...
[4/13/2012 11:03:25 AM] All plugins disabled!
[4/13/2012 11:03:25 AM] Saving level data...
[4/13/2012 11:03:25 AM] Saved level 'Smaller'
[4/13/2012 11:03:25 AM] Saved all level data!
[4/13/2012 11:03:25 AM] Server stopped
[5/14/2012 4:45:46 PM] Server started!
[5/14/2012 4:45:49 PM] Loading level data...
[5/14/2012 4:45:49 PM] Loaded level 'Smaller'
[5/14/2012 4:45:49 PM] Loaded all level data!
[5/14/2012 4:45:49 PM] Loading plugins...
[5/14/2012 4:45:50 PM] MemChecker enabling..
[5/14/2012 4:45:50 PM] Loaded all plugins!
[5/14/2012 4:45:50 PM] Current date is 5/14/2012 4:45:50 PM
[5/14/2012 4:45:50 PM] Saved HeartBeat URL to external-url.txt!
[5/14/2012 4:46:00 PM] There are no players online!
[5/14/2012 4:46:01 PM] 'players' is not a valid command. Type 'help' or '?'
[5/14/2012 4:46:09 PM] Disabling all plugins...
[5/14/2012 4:46:09 PM] MemChecker is disabling...
[5/14/2012 4:46:09 PM] All plugins disabled!
[5/14/2012 4:46:09 PM] Saving level data...
[5/14/2012 4:46:09 PM] Saved level 'Smaller'
[5/14/2012 4:46:09 PM] Saved all level data!
[5/14/2012 4:46:09 PM] Loading level data...
[5/14/2012 4:46:10 PM] Loaded level 'Smaller'
[5/14/2012 4:46:10 PM] Loaded all level data!
[5/14/2012 4:46:10 PM] Loading plugins...
[5/14/2012 4:46:10 PM] MemChecker enabling..
[5/14/2012 4:46:10 PM] Loaded all plugins!
[5/14/2012 4:46:10 PM] Finished reloading!
[5/14/2012 4:46:14 PM] Index was outside the bounds of the array.
[5/19/2012 6:41:59 PM] Server started!
[5/19/2012 6:42:00 PM] Loading level data...
[5/19/2012 6:42:01 PM] Loaded level 'Smaller'
[5/19/2012 6:42:01 PM] Loaded all level data!
[5/19/2012 6:42:01 PM] Loading plugins...
[5/19/2012 6:42:01 PM] MemChecker enabling..
[5/19/2012 6:42:01 PM] Loaded all plugins!
[5/19/2012 6:42:01 PM] Current date is 5/19/2012 6:42:01 PM
[5/19/2012 6:42:02 PM] Saved HeartBeat URL to external-url.txt!
[5/19/2012 7:09:20 PM] There are no players online!
[5/19/2012 7:09:21 PM] Server Plugins: MemChecker
[5/19/2012 7:09:23 PM] 'pl' is not a valid command. Type 'help' or '?'
[5/19/2012 7:09:25 PM] 'ram' is not a valid command. Type 'help' or '?'
[5/19/2012 7:09:28 PM] 'ram' is not a valid command. Type 'help' or '?'
[5/19/2012 7:09:30 PM] 'memcheck' is not a valid command. Type 'help' or '?'
[5/19/2012 7:09:31 PM] Currently using 32 MegaBytes of RAM
[5/19/2012 7:09:33 PM] 'memory' is not a valid command. Type 'help' or '?'
[5/19/2012 7:09:44 PM] There are no players online!
[5/19/2012 7:09:45 PM] Disabling all plugins...
[5/19/2012 7:09:45 PM] MemChecker is disabling...
[5/19/2012 7:09:45 PM] All plugins disabled!
[5/19/2012 7:09:45 PM] Saving level data...
[5/19/2012 7:09:45 PM] Saved level 'Smaller'
[5/19/2012 7:09:45 PM] Saved all level data!
[5/19/2012 7:09:45 PM] Loading level data...
[5/19/2012 7:09:45 PM] Loaded level 'Smaller'
[5/19/2012 7:09:45 PM] Loaded all level data!
[5/19/2012 7:09:45 PM] Loading plugins...
[5/19/2012 7:09:45 PM] MemChecker enabling..
[5/19/2012 7:09:45 PM] Loaded all plugins!
[5/19/2012 7:09:45 PM] Finished reloading!
[5/19/2012 7:09:52 PM] Disabling all plugins...
[5/19/2012 7:09:52 PM] MemChecker is disabling...
[5/19/2012 7:09:52 PM] All plugins disabled!
[5/19/2012 7:09:52 PM] Saving level data...
[5/19/2012 7:09:52 PM] Saved level 'Smaller'
[5/19/2012 7:09:52 PM] Saved all level data!
[5/19/2012 7:09:52 PM] Loading level data...
[5/19/2012 7:09:52 PM] Loaded level 'Smaller'
[5/19/2012 7:09:52 PM] Loaded all level data!
[5/19/2012 7:09:52 PM] Loading plugins...
[5/19/2012 7:09:52 PM] MemChecker enabling..
[5/19/2012 7:09:52 PM] Loaded all plugins!
[5/19/2012 7:09:52 PM] Finished reloading!
[5/19/2012 11:10:41 PM] Server started!
[5/19/2012 11:10:42 PM] Loading level data...
[5/19/2012 11:10:42 PM] Loaded level 'Smaller'
[5/19/2012 11:10:42 PM] Loaded all level data!
[5/19/2012 11:10:42 PM] Loading plugins...
[5/19/2012 11:10:42 PM] MemChecker enabling..
[5/19/2012 11:10:42 PM] Loaded all plugins!
[5/19/2012 11:10:42 PM] Current date is 5/19/2012 11:10:42 PM
[5/19/2012 11:10:42 PM] Saved HeartBeat URL to external-url.txt!
[5/20/2012 10:24:37 AM] Server started!
[5/20/2012 10:24:38 AM] Loading level data...
[5/20/2012 10:24:38 AM] Loaded level 'Smaller'
[5/20/2012 10:24:38 AM] Loaded all level data!
[5/20/2012 10:24:38 AM] Loading plugins...
[5/20/2012 10:24:38 AM] MemChecker enabling..
[5/20/2012 10:24:38 AM] Loaded all plugins!
[5/20/2012 10:24:38 AM] Current date is 5/20/2012 10:24:38 AM
[5/20/2012 10:24:39 AM] Saved HeartBeat URL to external-url.txt!
[5/20/2012 10:24:43 AM] Scheduler says it's time to stop!
[5/20/2012 10:24:43 AM] Stopping server...
[5/20/2012 10:24:43 AM] Disabling all plugins...
[5/20/2012 10:24:43 AM] MemChecker is disabling...
[5/20/2012 10:24:43 AM] All plugins disabled!
[5/20/2012 10:24:43 AM] Saving level data...
[5/20/2012 10:24:43 AM] Saved level 'Smaller'
[5/20/2012 10:24:43 AM] Saved all level data!
[5/20/2012 10:24:43 AM] Server stopped
[5/20/2012 10:24:55 AM] Server started!
[5/20/2012 10:24:56 AM] Loading level data...
[5/20/2012 10:24:56 AM] Loaded level 'Smaller'
[5/20/2012 10:24:56 AM] Loaded all level data!
[5/20/2012 10:24:56 AM] Loading plugins...
[5/20/2012 10:24:56 AM] MemChecker enabling..
[5/20/2012 10:24:56 AM] Loaded all plugins!
[5/20/2012 10:24:56 AM] Current date is 5/20/2012 10:24:56 AM
[5/20/2012 10:24:56 AM] Saved HeartBeat URL to external-url.txt!
[5/20/2012 10:25:00 AM] Scheduler says it's time to stop!
[5/20/2012 10:25:00 AM] Stopping server...
[5/20/2012 10:25:00 AM] Disabling all plugins...
[5/20/2012 10:25:00 AM] MemChecker is disabling...
[5/20/2012 10:25:00 AM] All plugins disabled!
[5/20/2012 10:25:00 AM] Saving level data...
[5/20/2012 10:25:00 AM] Saved level 'Smaller'
[5/20/2012 10:25:00 AM] Saved all level data!
[5/20/2012 10:25:00 AM] Server stopped
[5/20/2012 10:25:09 AM] Server started!
[5/20/2012 10:25:10 AM] Loading level data...
[5/20/2012 10:25:10 AM] Loaded level 'Smaller'
[5/20/2012 10:25:10 AM] Loaded all level data!
[5/20/2012 10:25:10 AM] Loading plugins...
[5/20/2012 10:25:10 AM] MemChecker enabling..
[5/20/2012 10:25:10 AM] Loaded all plugins!
[5/20/2012 10:25:10 AM] Current date is 5/20/2012 10:25:10 AM
[5/20/2012 10:25:10 AM] Saved HeartBeat URL to external-url.txt!
[5/20/2012 10:25:14 AM] Scheduler says it's time to stop!
[5/20/2012 10:25:14 AM] Stopping server...
[5/20/2012 10:25:14 AM] Disabling all plugins...
[5/20/2012 10:25:14 AM] MemChecker is disabling...
[5/20/2012 10:25:14 AM] All plugins disabled!
[5/20/2012 10:25:14 AM] Saving level data...
[5/20/2012 10:25:14 AM] Saved level 'Smaller'
[5/20/2012 10:25:14 AM] Saved all level data!
[5/20/2012 10:25:14 AM] Server stopped
[7/21/2012 1:35:23 PM] Server started!
[7/21/2012 1:35:26 PM] By dreadiscool
[7/21/2012 1:35:26 PM] Licensed under GPL v3
[7/21/2012 1:35:26 PM] Loading level data...
[7/21/2012 1:35:27 PM] Loaded level 'Smaller'
[7/21/2012 1:35:27 PM] Loaded all level data!
[7/21/2012 1:35:27 PM] Loading plugins...
[7/21/2012 1:35:27 PM] MemChecker enabling..
[7/21/2012 1:35:27 PM] Loaded all plugins!
[7/21/2012 1:35:27 PM] Current date is 7/21/2012 1:35:27 PM
[7/21/2012 1:35:27 PM] Failed to send heartbeat! Is minecraft.net down?
	The remote name could not be resolved: 'www.minecraft.net'
[7/21/2012 1:35:31 PM] There are no players online!
[7/21/2012 1:35:34 PM] 'pl' is not a valid command. Type 'help' or '?'
[7/21/2012 1:35:35 PM] Server Plugins: MemChecker
[7/21/2012 1:35:38 PM] Currently using 16 MegaBytes of RAM
[7/21/2012 1:35:41 PM] Failed to send heartbeat! Is minecraft.net down?
	The remote name could not be resolved: 'www.minecraft.net'
[7/21/2012 1:35:49 PM] 'restart' is not a valid command. Type 'help' or '?'
[7/21/2012 1:35:52 PM] Stopping server...
[7/21/2012 1:35:52 PM] Disabling all plugins...
[7/21/2012 1:35:52 PM] MemChecker is disabling...
[7/21/2012 1:35:52 PM] All plugins disabled!
[7/21/2012 1:35:52 PM] Saving level data...
[7/21/2012 1:35:52 PM] Saved level 'Smaller'
[7/21/2012 1:35:52 PM] Saved all level data!
[7/21/2012 1:35:52 PM] Server stopped
[7/21/2012 1:38:47 PM] Server started!
[7/21/2012 1:39:01 PM] By dreadiscool
[7/21/2012 1:39:01 PM] Licensed under GPL v3
[7/21/2012 1:39:01 PM] Loading level data...
[7/21/2012 1:39:02 PM] Loaded level 'Smaller'
[7/21/2012 1:39:02 PM] Loaded all level data!
[7/21/2012 1:39:02 PM] Loading plugins...
[7/21/2012 1:39:02 PM] MemChecker enabling..
[7/21/2012 1:39:02 PM] Loaded all plugins!
[7/21/2012 1:39:02 PM] Current date is 7/21/2012 1:39:02 PM
[7/21/2012 1:39:02 PM] There are no players online!
[7/21/2012 1:39:02 PM] 'asdf' is not a valid command. Type 'help' or '?'
[7/21/2012 1:39:08 PM] Disabling all plugins...
[7/21/2012 1:39:08 PM] MemChecker is disabling...
[7/21/2012 1:39:08 PM] All plugins disabled!
[7/21/2012 1:39:08 PM] Saving level data...
[7/21/2012 1:39:09 PM] Saved level 'Smaller'
[7/21/2012 1:39:09 PM] Saved all level data!
[7/21/2012 1:39:09 PM] Loading level data...
[7/21/2012 1:39:09 PM] Loaded level 'Smaller'
[7/21/2012 1:39:09 PM] Loaded all level data!
[7/21/2012 1:39:09 PM] Loading plugins...
[7/21/2012 1:39:09 PM] MemChecker enabling..
[7/21/2012 1:39:09 PM] Loaded all plugins!
[7/21/2012 1:39:09 PM] Finished reloading!
[7/21/2012 1:39:14 PM] Failed to send heartbeat! Is minecraft.net down?
	The remote name could not be resolved: 'www.minecraft.net'
[7/21/2012 1:39:28 PM] Failed to send heartbeat! Is minecraft.net down?
	The remote name could not be resolved: 'www.minecraft.net'
[7/21/2012 1:39:31 PM] Saved HeartBeat URL to external-url.txt!
[7/21/2012 1:50:10 PM] dreadiscool connected to the server from 127.0.0.1:5658
[7/21/2012 1:51:15 PM] <dreadiscool> hi
[7/21/2012 1:51:20 PM] [Server] hi
[7/21/2012 1:52:00 PM] Stopping server...
[7/21/2012 1:52:00 PM] Disabling all plugins...
[7/21/2012 1:52:00 PM] MemChecker is disabling...
[7/21/2012 1:52:00 PM] All plugins disabled!
[7/21/2012 1:52:00 PM] Saving level data...
[7/21/2012 1:52:00 PM] Saved level 'Smaller'
[7/21/2012 1:52:00 PM] Saved all level data!
[7/21/2012 1:52:00 PM] Server stopped
[7/21/2012 1:52:00 PM] dreadiscool was kicked from the server!
[7/21/2012 8:34:53 PM] Server started!
[7/21/2012 8:34:53 PM] Loading level data...
[7/21/2012 8:34:54 PM] Loaded level 'Smaller'
[7/21/2012 8:34:54 PM] Loaded all level data!
[7/21/2012 8:34:54 PM] Loading plugins...
[7/21/2012 8:34:54 PM] MemChecker enabling..
[7/21/2012 8:34:54 PM] Loaded all plugins!
[7/21/2012 8:34:54 PM] Current date is 7/21/2012 8:34:54 PM
[7/21/2012 8:34:54 PM] Saved HeartBeat URL to external-url.txt!
[7/21/2012 8:35:02 PM] Server Plugins: MemChecker
[7/21/2012 8:35:09 PM] Currently using 15 MegaBytes of RAM
[7/21/2012 8:37:50 PM] dreadiscool connected to the server from 127.0.0.1:4321
[7/21/2012 8:39:04 PM] [Server] hi
[7/21/2012 8:39:08 PM] <dreadiscool> hello server
[7/21/2012 8:39:18 PM] Stopping server...
[7/21/2012 8:39:18 PM] Disabling all plugins...
[7/21/2012 8:39:18 PM] MemChecker is disabling...
[7/21/2012 8:39:18 PM] All plugins disabled!
[7/21/2012 8:39:18 PM] Saving level data...
[7/21/2012 8:39:18 PM] Saved level 'Smaller'
[7/21/2012 8:39:18 PM] Saved all level data!
[7/21/2012 8:39:18 PM] Server stopped
[7/21/2012 8:39:18 PM] dreadiscool was kicked from the server!
[9/22/2012 1:08:45 AM] Server started!
[9/22/2012 1:08:46 AM] Loading level data...
[9/22/2012 1:08:46 AM] Loaded level 'Smaller'
[9/22/2012 1:08:46 AM] Loaded all level data!
[9/22/2012 1:08:46 AM] Loading plugins...
[9/22/2012 1:08:47 AM] MemChecker enabling..
[9/22/2012 1:08:47 AM] Loaded all plugins!
[9/22/2012 1:08:47 AM] Current date is 9/22/2012 1:08:47 AM
[9/22/2012 1:08:47 AM] Saved HeartBeat URL to external-url.txt!
[9/22/2012 1:08:50 AM] There are no players online!
[9/22/2012 1:09:04 AM] Stopping server...
[9/22/2012 1:09:04 AM] Disabling all plugins...
[9/22/2012 1:09:04 AM] MemChecker is disabling...
[9/22/2012 1:09:04 AM] All plugins disabled!
[9/22/2012 1:09:04 AM] Saving level data...
[9/22/2012 1:09:04 AM] Saved level 'Smaller'
[9/22/2012 1:09:04 AM] Saved all level data!
[9/22/2012 1:09:04 AM] Server stopped
[9/22/2012 1:09:07 AM] Server started!
[9/22/2012 1:09:07 AM] Loading level data...
[9/22/2012 1:09:07 AM] Loaded level 'Smaller'
[9/22/2012 1:09:07 AM] Loaded all level data!
[9/22/2012 1:09:07 AM] Loading plugins...
[9/22/2012 1:09:07 AM] MemChecker enabling..
[9/22/2012 1:09:07 AM] Loaded all plugins!
[9/22/2012 1:09:07 AM] Current date is 9/22/2012 1:09:07 AM
[9/22/2012 1:09:08 AM] Saved HeartBeat URL to external-url.txt!
[9/22/2012 1:09:08 AM] Currently using 15 MegaBytes of RAM
[9/22/2012 1:09:09 AM] Currently using 16 MegaBytes of RAM
[9/22/2012 1:09:10 AM] Currently using 16 MegaBytes of RAM
[9/22/2012 1:09:10 AM] Currently using 16 MegaBytes of RAM
[9/22/2012 1:09:11 AM] Currently using 16 MegaBytes of RAM
[9/22/2012 1:09:11 AM] Currently using 16 MegaBytes of RAM
[9/22/2012 1:09:12 AM] Currently using 16 MegaBytes of RAM
[9/22/2012 1:09:13 AM] 'memm' is not a valid command. Type 'help' or '?'
[9/22/2012 1:09:13 AM] Currently using 16 MegaBytes of RAM
[9/22/2012 1:09:24 AM] Stopping server...
[9/22/2012 1:09:24 AM] Disabling all plugins...
[9/22/2012 1:09:24 AM] MemChecker is disabling...
[9/22/2012 1:09:24 AM] All plugins disabled!
[9/22/2012 1:09:24 AM] Saving level data...
[9/22/2012 1:09:25 AM] Saved level 'Smaller'
[9/22/2012 1:09:25 AM] Saved all level data!
[9/22/2012 1:09:25 AM] Server stopped
[9/22/2012 1:09:28 AM] Server started!
[9/22/2012 1:09:28 AM] Loading level data...
[9/22/2012 1:09:28 AM] Loaded level 'Smaller'
[9/22/2012 1:09:28 AM] Loaded all level data!
[9/22/2012 1:09:28 AM] Loading plugins...
[9/22/2012 1:09:29 AM] MemChecker enabling..
[9/22/2012 1:09:29 AM] Loaded all plugins!
[9/22/2012 1:09:29 AM] Current date is 9/22/2012 1:09:29 AM
[9/22/2012 1:09:29 AM] Saved HeartBeat URL to external-url.txt!
[9/22/2012 1:09:33 AM] Scheduler says it's time to stop!
[9/22/2012 1:09:33 AM] Stopping server...
[9/22/2012 1:09:33 AM] Disabling all plugins...
[9/22/2012 1:09:33 AM] MemChecker is disabling...
[9/22/2012 1:09:33 AM] All plugins disabled!
[9/22/2012 1:09:33 AM] Saving level data...
[9/22/2012 1:09:33 AM] Saved level 'Smaller'
[9/22/2012 1:09:33 AM] Saved all level data!
[9/22/2012 1:09:33 AM] Server stopped
